  main.cpp
d:\計算機圖學2021\as01_framework\as01_framework\hw1_vs2017_framework\openglframework-vs2017\main.cpp(226): warning C4244: '引數': 將 'double' 轉換為 'const float'，由於類型不同，可能導致資料遺失
d:\計算機圖學2021\as01_framework\as01_framework\hw1_vs2017_framework\openglframework-vs2017\main.cpp(236): warning C4244: '引數': 將 'double' 轉換為 'const float'，由於類型不同，可能導致資料遺失
d:\計算機圖學2021\as01_framework\as01_framework\hw1_vs2017_framework\openglframework-vs2017\main.cpp(251): warning C4244: '=': 將 'double' 轉換為 'GLfloat'，由於類型不同，可能導致資料遺失
d:\計算機圖學2021\as01_framework\as01_framework\hw1_vs2017_framework\openglframework-vs2017\main.cpp(272): warning C4244: '=': 將 'double' 轉換為 'GLfloat'，由於類型不同，可能導致資料遺失
d:\計算機圖學2021\as01_framework\as01_framework\hw1_vs2017_framework\openglframework-vs2017\main.cpp(310): warning C4305: '正在初始化': 從 'double' 轉換為 'GLfloat'，是由較大的類型轉換為較小的類型，可能導致資料遺失
d:\計算機圖學2021\as01_framework\as01_framework\hw1_vs2017_framework\openglframework-vs2017\main.cpp(317): warning C4305: '正在初始化': 從 'double' 轉換為 'GLfloat'，是由較大的類型轉換為較小的類型，可能導致資料遺失
d:\計算機圖學2021\as01_framework\as01_framework\hw1_vs2017_framework\openglframework-vs2017\main.cpp(531): warning C4244: '-=': 將 'double' 轉換為 'float'，由於類型不同，可能導致資料遺失
d:\計算機圖學2021\as01_framework\as01_framework\hw1_vs2017_framework\openglframework-vs2017\main.cpp(536): warning C4244: '+=': 將 'double' 轉換為 'float'，由於類型不同，可能導致資料遺失
d:\計算機圖學2021\as01_framework\as01_framework\hw1_vs2017_framework\openglframework-vs2017\main.cpp(541): warning C4244: '+=': 將 'double' 轉換為 'float'，由於類型不同，可能導致資料遺失
d:\計算機圖學2021\as01_framework\as01_framework\hw1_vs2017_framework\openglframework-vs2017\main.cpp(546): warning C4244: '+=': 將 'double' 轉換為 'float'，由於類型不同，可能導致資料遺失
d:\計算機圖學2021\as01_framework\as01_framework\hw1_vs2017_framework\openglframework-vs2017\main.cpp(549): warning C4244: '+=': 將 'double' 轉換為 'float'，由於類型不同，可能導致資料遺失
d:\計算機圖學2021\as01_framework\as01_framework\hw1_vs2017_framework\openglframework-vs2017\main.cpp(552): warning C4244: '+=': 將 'double' 轉換為 'float'，由於類型不同，可能導致資料遺失
d:\計算機圖學2021\as01_framework\as01_framework\hw1_vs2017_framework\openglframework-vs2017\main.cpp(588): warning C4244: '正在初始化': 將 'int' 轉換為 'float'，由於類型不同，可能導致資料遺失
d:\計算機圖學2021\as01_framework\as01_framework\hw1_vs2017_framework\openglframework-vs2017\main.cpp(589): warning C4244: '正在初始化': 將 'int' 轉換為 'float'，由於類型不同，可能導致資料遺失
d:\計算機圖學2021\as01_framework\as01_framework\hw1_vs2017_framework\openglframework-vs2017\main.cpp(595): warning C4244: '+=': 將 'double' 轉換為 'float'，由於類型不同，可能導致資料遺失
d:\計算機圖學2021\as01_framework\as01_framework\hw1_vs2017_framework\openglframework-vs2017\main.cpp(596): warning C4244: '+=': 將 'double' 轉換為 'float'，由於類型不同，可能導致資料遺失
d:\計算機圖學2021\as01_framework\as01_framework\hw1_vs2017_framework\openglframework-vs2017\main.cpp(601): warning C4244: '+=': 將 'double' 轉換為 'float'，由於類型不同，可能導致資料遺失
d:\計算機圖學2021\as01_framework\as01_framework\hw1_vs2017_framework\openglframework-vs2017\main.cpp(602): warning C4244: '-=': 將 'double' 轉換為 'float'，由於類型不同，可能導致資料遺失
d:\計算機圖學2021\as01_framework\as01_framework\hw1_vs2017_framework\openglframework-vs2017\main.cpp(607): warning C4244: '+=': 將 'double' 轉換為 'float'，由於類型不同，可能導致資料遺失
d:\計算機圖學2021\as01_framework\as01_framework\hw1_vs2017_framework\openglframework-vs2017\main.cpp(608): warning C4244: '+=': 將 'double' 轉換為 'float'，由於類型不同，可能導致資料遺失
d:\計算機圖學2021\as01_framework\as01_framework\hw1_vs2017_framework\openglframework-vs2017\main.cpp(613): warning C4244: '+=': 將 'double' 轉換為 'float'，由於類型不同，可能導致資料遺失
d:\計算機圖學2021\as01_framework\as01_framework\hw1_vs2017_framework\openglframework-vs2017\main.cpp(614): warning C4244: '+=': 將 'double' 轉換為 'float'，由於類型不同，可能導致資料遺失
d:\計算機圖學2021\as01_framework\as01_framework\hw1_vs2017_framework\openglframework-vs2017\main.cpp(617): warning C4244: '+=': 將 'double' 轉換為 'float'，由於類型不同，可能導致資料遺失
d:\計算機圖學2021\as01_framework\as01_framework\hw1_vs2017_framework\openglframework-vs2017\main.cpp(618): warning C4244: '+=': 將 'double' 轉換為 'float'，由於類型不同，可能導致資料遺失
d:\計算機圖學2021\as01_framework\as01_framework\hw1_vs2017_framework\openglframework-vs2017\main.cpp(621): warning C4244: '+=': 將 'double' 轉換為 'float'，由於類型不同，可能導致資料遺失
d:\計算機圖學2021\as01_framework\as01_framework\hw1_vs2017_framework\openglframework-vs2017\main.cpp(622): warning C4244: '+=': 將 'double' 轉換為 'float'，由於類型不同，可能導致資料遺失
d:\計算機圖學2021\as01_framework\as01_framework\hw1_vs2017_framework\openglframework-vs2017\main.cpp(841): warning C4477: 'printf' : 格式字串 '%d' 需要 'int' 類型的引數，但 variadic 引數 1 的類型為 'unsigned __int64'
  d:\計算機圖學2021\as01_framework\as01_framework\hw1_vs2017_framework\openglframework-vs2017\main.cpp(841): note: 請考慮在格式字串中使用 '%zd'
d:\計算機圖學2021\as01_framework\as01_framework\hw1_vs2017_framework\openglframework-vs2017\main.cpp(841): warning C4477: 'printf' : 格式字串 '%d' 需要 'int' 類型的引數，但 variadic 引數 2 的類型為 'unsigned __int64'
  d:\計算機圖學2021\as01_framework\as01_framework\hw1_vs2017_framework\openglframework-vs2017\main.cpp(841): note: 請考慮在格式字串中使用 '%zd'
d:\計算機圖學2021\as01_framework\as01_framework\hw1_vs2017_framework\openglframework-vs2017\main.cpp(853): warning C4267: '=': 將 'size_t' 轉換為 'int'，資料可能遺失
d:\計算機圖學2021\as01_framework\as01_framework\hw1_vs2017_framework\openglframework-vs2017\main.cpp(878): warning C4305: '=': 從 'double' 轉換為 'GLfloat'，是由較大的類型轉換為較小的類型，可能導致資料遺失
d:\計算機圖學2021\as01_framework\as01_framework\hw1_vs2017_framework\openglframework-vs2017\main.cpp(898): warning C4305: '引數': 從 'double' 轉換為 'GLfloat'，是由較大的類型轉換為較小的類型，可能導致資料遺失
  OpenGLFramework-VS2017.vcxproj -> D:\計算機圖學2021\AS01_Framework\AS01_Framework\HW1_VS2017_Framework\x64\Debug\OpenGLFramework-VS2017.exe
